# Logfile created on 2019-10-15 03:04:46 +0300 by logger.rb/66358
D, [2019-10-15T15:16:15.702438 #22298] DEBUG -- :   [1m[36mUser Load (0.6ms)[0m  [1m[34mSELECT "users".* FROM "users" WHERE "users"."uid" = $1 LIMIT $2[0m  [["uid", 439802952], ["LIMIT", 1]]
D, [2019-10-15T15:16:15.711745 #22298] DEBUG -- :   [1m[35m (0.4ms)[0m  [1m[35mBEGIN[0m
D, [2019-10-15T15:16:15.712672 #22298] DEBUG -- :   [1m[36mUser Create (0.7ms)[0m  [1m[32mINSERT INTO "users" ("uid") VALUES ($1) RETURNING "id"[0m  [["uid", 439802952]]
D, [2019-10-15T15:16:15.836188 #22298] DEBUG -- :   [1m[35m (123.1ms)[0m  [1m[35mCOMMIT[0m
D, [2019-10-15T15:24:57.385944 #22513] DEBUG -- :   [1m[36mUser Load (0.4ms)[0m  [1m[34mSELECT "users".* FROM "users" WHERE "users"."uid" = $1 LIMIT $2[0m  [["uid", 439802952], ["LIMIT", 1]]
D, [2019-10-15T15:31:39.655722 #22686] DEBUG -- :   [1m[36mUser Load (1.0ms)[0m  [1m[34mSELECT "users".* FROM "users" WHERE "users"."uid" = $1 LIMIT $2[0m  [["uid", 439802952], ["LIMIT", 1]]
D, [2019-10-15T15:58:04.868682 #23436] DEBUG -- :   [1m[36mUser Load (1.3ms)[0m  [1m[34mSELECT "users".* FROM "users" WHERE "users"."uid" = $1 AND "users"."first_name" = $2 AND "users"."last_name" = $3 LIMIT $4[0m  [["uid", 439802952], ["first_name", "Alexander"], ["last_name", "Alexander"], ["LIMIT", 1]]
D, [2019-10-15T15:58:04.900030 #23436] DEBUG -- :   [1m[35m (0.4ms)[0m  [1m[35mBEGIN[0m
D, [2019-10-15T15:58:04.901524 #23436] DEBUG -- :   [1m[36mUser Create (0.9ms)[0m  [1m[32mINSERT INTO "users" ("uid", "first_name", "last_name", "created_at", "updated_at") VALUES ($1, $2, $3, $4, $5) RETURNING "id"[0m  [["uid", 439802952], ["first_name", "Alexander"], ["last_name", "Alexander"], ["created_at", "2019-10-15 12:58:04.898500"], ["updated_at", "2019-10-15 12:58:04.898500"]]
D, [2019-10-15T15:58:05.026527 #23436] DEBUG -- :   [1m[35m (124.5ms)[0m  [1m[35mCOMMIT[0m
D, [2019-10-15T16:30:13.971397 #24633] DEBUG -- :   [1m[36mUser Load (0.6ms)[0m  [1m[34mSELECT "users".* FROM "users" WHERE "users"."uid" = $1 AND "users"."first_name" = $2 AND "users"."last_name" = $3 LIMIT $4[0m  [["uid", 439802952], ["first_name", "Alexander"], ["last_name", "L"], ["LIMIT", 1]]
D, [2019-10-15T16:30:13.994550 #24633] DEBUG -- :   [1m[35m (0.4ms)[0m  [1m[35mBEGIN[0m
D, [2019-10-15T16:30:13.995601 #24633] DEBUG -- :   [1m[36mUser Create (0.6ms)[0m  [1m[32mINSERT INTO "users" ("uid", "first_name", "last_name", "created_at", "updated_at") VALUES ($1, $2, $3, $4, $5) RETURNING "id"[0m  [["uid", 439802952], ["first_name", "Alexander"], ["last_name", "L"], ["created_at", "2019-10-15 13:30:13.993158"], ["updated_at", "2019-10-15 13:30:13.993158"]]
D, [2019-10-15T16:30:14.035028 #24633] DEBUG -- :   [1m[35m (39.0ms)[0m  [1m[35mCOMMIT[0m
D, [2019-10-15T16:30:37.185855 #24633] DEBUG -- :   [1m[36mUser Load (0.5ms)[0m  [1m[34mSELECT "users".* FROM "users" WHERE "users"."uid" = $1 AND "users"."first_name" = $2 AND "users"."last_name" = $3 LIMIT $4[0m  [["uid", 439802952], ["first_name", "Alexander"], ["last_name", "L"], ["LIMIT", 1]]
D, [2019-10-15T16:52:39.672360 #25765] DEBUG -- :   [1m[36mUser Load (0.5ms)[0m  [1m[34mSELECT "users".* FROM "users" WHERE "users"."uid" = $1 AND "users"."first_name" = $2 AND "users"."last_name" = $3 LIMIT $4[0m  [["uid", 439802952], ["first_name", "Alexander"], ["last_name", "L"], ["LIMIT", 1]]
D, [2019-10-15T16:53:52.423379 #25813] DEBUG -- :   [1m[36mUser Load (0.3ms)[0m  [1m[34mSELECT "users".* FROM "users" WHERE "users"."uid" = $1 AND "users"."first_name" = $2 AND "users"."last_name" = $3 LIMIT $4[0m  [["uid", 439802952], ["first_name", "Alexander"], ["last_name", "L"], ["LIMIT", 1]]
D, [2019-10-15T16:54:23.549431 #25844] DEBUG -- :   [1m[36mUser Load (0.3ms)[0m  [1m[34mSELECT "users".* FROM "users" WHERE "users"."uid" = $1 AND "users"."first_name" = $2 AND "users"."last_name" = $3 LIMIT $4[0m  [["uid", 439802952], ["first_name", "Alexander"], ["last_name", "L"], ["LIMIT", 1]]
D, [2019-10-15T16:55:11.303215 #25898] DEBUG -- :   [1m[36mUser Load (0.5ms)[0m  [1m[34mSELECT "users".* FROM "users" WHERE "users"."uid" = $1 AND "users"."first_name" = $2 AND "users"."last_name" = $3 LIMIT $4[0m  [["uid", 439802952], ["first_name", "Alexander"], ["last_name", "L"], ["LIMIT", 1]]
D, [2019-10-15T16:55:18.014731 #25898] DEBUG -- :   [1m[36mUser Load (1.5ms)[0m  [1m[34mSELECT "users".* FROM "users" WHERE "users"."uid" = $1 AND "users"."first_name" = $2 AND "users"."last_name" = $3 LIMIT $4[0m  [["uid", 439802952], ["first_name", "Alexander"], ["last_name", "L"], ["LIMIT", 1]]
D, [2019-10-15T16:56:42.999157 #25898] DEBUG -- :   [1m[36mUser Load (1.3ms)[0m  [1m[34mSELECT "users".* FROM "users" WHERE "users"."uid" = $1 AND "users"."first_name" = $2 AND "users"."last_name" = $3 LIMIT $4[0m  [["uid", 439802952], ["first_name", "Alexander"], ["last_name", "L"], ["LIMIT", 1]]
D, [2019-10-15T16:57:26.827330 #25898] DEBUG -- :   [1m[36mUser Load (1.3ms)[0m  [1m[34mSELECT "users".* FROM "users" WHERE "users"."uid" = $1 AND "users"."first_name" = $2 AND "users"."last_name" = $3 LIMIT $4[0m  [["uid", 876403528], ["first_name", "Tatiana"], ["last_name", "Elizareva"], ["LIMIT", 1]]
D, [2019-10-15T16:57:26.832378 #25898] DEBUG -- :   [1m[35m (0.7ms)[0m  [1m[35mBEGIN[0m
D, [2019-10-15T16:57:26.834802 #25898] DEBUG -- :   [1m[36mUser Create (1.6ms)[0m  [1m[32mINSERT INTO "users" ("uid", "first_name", "last_name", "created_at", "updated_at") VALUES ($1, $2, $3, $4, $5) RETURNING "id"[0m  [["uid", 876403528], ["first_name", "Tatiana"], ["last_name", "Elizareva"], ["created_at", "2019-10-15 13:57:26.830179"], ["updated_at", "2019-10-15 13:57:26.830179"]]
D, [2019-10-15T16:57:26.896020 #25898] DEBUG -- :   [1m[35m (60.2ms)[0m  [1m[35mCOMMIT[0m
D, [2019-10-15T16:57:35.940299 #25898] DEBUG -- :   [1m[36mUser Load (1.1ms)[0m  [1m[34mSELECT "users".* FROM "users" WHERE "users"."uid" = $1 AND "users"."first_name" = $2 AND "users"."last_name" = $3 LIMIT $4[0m  [["uid", 876403528], ["first_name", "Tatiana"], ["last_name", "Elizareva"], ["LIMIT", 1]]
D, [2019-10-15T16:57:35.945825 #25898] DEBUG -- :   [1m[36mUser Load (1.1ms)[0m  [1m[34mSELECT "users".* FROM "users" WHERE "users"."uid" = $1 AND "users"."first_name" = $2 AND "users"."last_name" = $3 LIMIT $4[0m  [["uid", 439802952], ["first_name", "Alexander"], ["last_name", "L"], ["LIMIT", 1]]
D, [2019-10-15T16:57:56.112859 #25898] DEBUG -- :   [1m[36mUser Load (1.1ms)[0m  [1m[34mSELECT "users".* FROM "users" WHERE "users"."uid" = $1 AND "users"."first_name" = $2 AND "users"."last_name" = $3 LIMIT $4[0m  [["uid", 876403528], ["first_name", "Tatiana"], ["last_name", "Elizareva"], ["LIMIT", 1]]
D, [2019-10-15T16:58:04.815205 #25898] DEBUG -- :   [1m[36mUser Load (1.0ms)[0m  [1m[34mSELECT "users".* FROM "users" WHERE "users"."uid" = $1 AND "users"."first_name" = $2 AND "users"."last_name" = $3 LIMIT $4[0m  [["uid", 876403528], ["first_name", "Tatiana"], ["last_name", "Elizareva"], ["LIMIT", 1]]
D, [2019-10-15T16:58:09.525690 #25898] DEBUG -- :   [1m[36mUser Load (0.9ms)[0m  [1m[34mSELECT "users".* FROM "users" WHERE "users"."uid" = $1 AND "users"."first_name" = $2 AND "users"."last_name" = $3 LIMIT $4[0m  [["uid", 876403528], ["first_name", "Tatiana"], ["last_name", "Elizareva"], ["LIMIT", 1]]
D, [2019-10-15T16:58:17.312616 #25898] DEBUG -- :   [1m[36mUser Load (1.0ms)[0m  [1m[34mSELECT "users".* FROM "users" WHERE "users"."uid" = $1 AND "users"."first_name" = $2 AND "users"."last_name" = $3 LIMIT $4[0m  [["uid", 876403528], ["first_name", "Tatiana"], ["last_name", "Elizareva"], ["LIMIT", 1]]
D, [2019-10-15T17:23:34.332934 #26597] DEBUG -- :   [1m[36mUser Load (0.9ms)[0m  [1m[34mSELECT "users".* FROM "users" WHERE "users"."uid" = $1 AND "users"."first_name" = $2 AND "users"."last_name" = $3 LIMIT $4[0m  [["uid", 439802952], ["first_name", "Alexander"], ["last_name", "L"], ["LIMIT", 1]]
D, [2019-10-15T17:24:10.036483 #26626] DEBUG -- :   [1m[36mUser Load (0.5ms)[0m  [1m[34mSELECT "users".* FROM "users" WHERE "users"."uid" = $1 AND "users"."first_name" = $2 AND "users"."last_name" = $3 LIMIT $4[0m  [["uid", 439802952], ["first_name", "Alexander"], ["last_name", "L"], ["LIMIT", 1]]
D, [2019-10-15T17:25:07.519653 #26672] DEBUG -- :   [1m[36mUser Load (1.4ms)[0m  [1m[34mSELECT "users".* FROM "users" WHERE "users"."uid" = $1 AND "users"."first_name" = $2 AND "users"."last_name" = $3 LIMIT $4[0m  [["uid", 439802952], ["first_name", "Alexander"], ["last_name", "L"], ["LIMIT", 1]]
D, [2019-10-15T17:26:01.164672 #26710] DEBUG -- :   [1m[36mUser Load (0.5ms)[0m  [1m[34mSELECT "users".* FROM "users" WHERE "users"."uid" = $1 AND "users"."first_name" = $2 AND "users"."last_name" = $3 LIMIT $4[0m  [["uid", 439802952], ["first_name", "Alexander"], ["last_name", "L"], ["LIMIT", 1]]
D, [2019-10-15T17:26:07.723911 #26710] DEBUG -- :   [1m[36mUser Load (0.5ms)[0m  [1m[34mSELECT "users".* FROM "users" WHERE "users"."uid" = $1 AND "users"."first_name" = $2 AND "users"."last_name" = $3 LIMIT $4[0m  [["uid", 439802952], ["first_name", "Alexander"], ["last_name", "L"], ["LIMIT", 1]]
D, [2019-10-15T17:26:13.776335 #26710] DEBUG -- :   [1m[36mUser Load (1.3ms)[0m  [1m[34mSELECT "users".* FROM "users" WHERE "users"."uid" = $1 AND "users"."first_name" = $2 AND "users"."last_name" = $3 LIMIT $4[0m  [["uid", 439802952], ["first_name", "Alexander"], ["last_name", "L"], ["LIMIT", 1]]
D, [2019-10-15T17:26:26.838541 #26710] DEBUG -- :   [1m[36mUser Load (0.7ms)[0m  [1m[34mSELECT "users".* FROM "users" WHERE "users"."uid" = $1 AND "users"."first_name" = $2 AND "users"."last_name" = $3 LIMIT $4[0m  [["uid", 439802952], ["first_name", "Alexander"], ["last_name", "L"], ["LIMIT", 1]]
D, [2019-10-15T17:31:40.776818 #26855] DEBUG -- :   [1m[36mUser Load (0.5ms)[0m  [1m[34mSELECT "users".* FROM "users" WHERE "users"."uid" = $1 AND "users"."first_name" = $2 AND "users"."last_name" = $3 LIMIT $4[0m  [["uid", 439802952], ["first_name", "Alexander"], ["last_name", "L"], ["LIMIT", 1]]
D, [2019-10-15T17:31:45.645779 #26855] DEBUG -- :   [1m[36mUser Load (1.6ms)[0m  [1m[34mSELECT "users".* FROM "users" WHERE "users"."uid" = $1 AND "users"."first_name" = $2 AND "users"."last_name" = $3 LIMIT $4[0m  [["uid", 439802952], ["first_name", "Alexander"], ["last_name", "L"], ["LIMIT", 1]]
D, [2019-10-15T17:31:52.121676 #26855] DEBUG -- :   [1m[36mUser Load (1.1ms)[0m  [1m[34mSELECT "users".* FROM "users" WHERE "users"."uid" = $1 AND "users"."first_name" = $2 AND "users"."last_name" = $3 LIMIT $4[0m  [["uid", 439802952], ["first_name", "Alexander"], ["last_name", "L"], ["LIMIT", 1]]
D, [2019-10-15T17:34:48.445080 #26958] DEBUG -- :   [1m[36mUser Load (0.5ms)[0m  [1m[34mSELECT "users".* FROM "users" WHERE "users"."uid" = $1 AND "users"."first_name" = $2 AND "users"."last_name" = $3 LIMIT $4[0m  [["uid", 439802952], ["first_name", "Alexander"], ["last_name", "L"], ["LIMIT", 1]]
D, [2019-10-15T17:34:57.486931 #26958] DEBUG -- :   [1m[36mUser Load (1.2ms)[0m  [1m[34mSELECT "users".* FROM "users" WHERE "users"."uid" = $1 AND "users"."first_name" = $2 AND "users"."last_name" = $3 LIMIT $4[0m  [["uid", 439802952], ["first_name", "Alexander"], ["last_name", "L"], ["LIMIT", 1]]
D, [2019-10-15T17:37:34.118936 #27046] DEBUG -- :   [1m[36mUser Load (0.9ms)[0m  [1m[34mSELECT "users".* FROM "users" WHERE "users"."uid" = $1 AND "users"."first_name" = $2 AND "users"."last_name" = $3 LIMIT $4[0m  [["uid", 439802952], ["first_name", "Alexander"], ["last_name", "L"], ["LIMIT", 1]]
D, [2019-10-15T17:59:01.866032 #27898] DEBUG -- :   [1m[36mUser Load (0.9ms)[0m  [1m[34mSELECT "users".* FROM "users" WHERE "users"."uid" = $1 AND "users"."first_name" = $2 AND "users"."last_name" = $3 LIMIT $4[0m  [["uid", 439802952], ["first_name", "Alexander"], ["last_name", "L"], ["LIMIT", 1]]
D, [2019-10-15T17:59:11.012374 #27898] DEBUG -- :   [1m[36mUser Load (1.7ms)[0m  [1m[34mSELECT "users".* FROM "users" WHERE "users"."uid" = $1 AND "users"."first_name" = $2 AND "users"."last_name" = $3 LIMIT $4[0m  [["uid", 439802952], ["first_name", "Alexander"], ["last_name", "L"], ["LIMIT", 1]]
D, [2019-10-15T18:06:02.502886 #28070] DEBUG -- :   [1m[36mUser Load (0.6ms)[0m  [1m[34mSELECT "users".* FROM "users" WHERE "users"."uid" = $1 AND "users"."first_name" = $2 AND "users"."last_name" = $3 LIMIT $4[0m  [["uid", 439802952], ["first_name", "Alexander"], ["last_name", "L"], ["LIMIT", 1]]
D, [2019-10-15T18:06:08.163683 #28070] DEBUG -- :   [1m[36mUser Load (1.3ms)[0m  [1m[34mSELECT "users".* FROM "users" WHERE "users"."uid" = $1 AND "users"."first_name" = $2 AND "users"."last_name" = $3 LIMIT $4[0m  [["uid", 439802952], ["first_name", "Alexander"], ["last_name", "L"], ["LIMIT", 1]]
D, [2019-10-15T18:06:23.946146 #28070] DEBUG -- :   [1m[36mUser Load (1.2ms)[0m  [1m[34mSELECT "users".* FROM "users" WHERE "users"."uid" = $1 AND "users"."first_name" = $2 AND "users"."last_name" = $3 LIMIT $4[0m  [["uid", 439802952], ["first_name", "Alexander"], ["last_name", "L"], ["LIMIT", 1]]
D, [2019-10-15T18:06:32.778336 #28070] DEBUG -- :   [1m[36mUser Load (1.1ms)[0m  [1m[34mSELECT "users".* FROM "users" WHERE "users"."uid" = $1 AND "users"."first_name" = $2 AND "users"."last_name" = $3 LIMIT $4[0m  [["uid", 439802952], ["first_name", "Alexander"], ["last_name", "L"], ["LIMIT", 1]]
D, [2019-10-15T18:15:53.009246 #28349] DEBUG -- :   [1m[36mUser Load (0.7ms)[0m  [1m[34mSELECT "users".* FROM "users" WHERE "users"."uid" = $1 AND "users"."first_name" = $2 AND "users"."last_name" = $3 LIMIT $4[0m  [["uid", 439802952], ["first_name", "Alexander"], ["last_name", "L"], ["LIMIT", 1]]
D, [2019-10-15T18:19:00.012803 #28423] DEBUG -- :   [1m[36mUser Load (1.0ms)[0m  [1m[34mSELECT "users".* FROM "users" WHERE "users"."uid" = $1 AND "users"."first_name" = $2 AND "users"."last_name" = $3 LIMIT $4[0m  [["uid", 439802952], ["first_name", "Alexander"], ["last_name", "L"], ["LIMIT", 1]]
D, [2019-10-15T18:27:13.875091 #28643] DEBUG -- :   [1m[36mUser Load (0.8ms)[0m  [1m[34mSELECT "users".* FROM "users" WHERE "users"."uid" = $1 AND "users"."first_name" = $2 AND "users"."last_name" = $3 LIMIT $4[0m  [["uid", 439802952], ["first_name", "Alexander"], ["last_name", "L"], ["LIMIT", 1]]
D, [2019-10-15T18:28:06.204431 #28668] DEBUG -- :   [1m[36mUser Load (1.2ms)[0m  [1m[34mSELECT "users".* FROM "users" WHERE "users"."uid" = $1 AND "users"."first_name" = $2 AND "users"."last_name" = $3 LIMIT $4[0m  [["uid", 439802952], ["first_name", "Alexander"], ["last_name", "L"], ["LIMIT", 1]]
D, [2019-10-15T18:28:28.103242 #28694] DEBUG -- :   [1m[36mUser Load (0.4ms)[0m  [1m[34mSELECT "users".* FROM "users" WHERE "users"."uid" = $1 AND "users"."first_name" = $2 AND "users"."last_name" = $3 LIMIT $4[0m  [["uid", 439802952], ["first_name", "Alexander"], ["last_name", "L"], ["LIMIT", 1]]
D, [2019-10-15T18:28:38.641785 #28694] DEBUG -- :   [1m[36mUser Load (0.6ms)[0m  [1m[34mSELECT "users".* FROM "users" WHERE "users"."uid" = $1 AND "users"."first_name" = $2 AND "users"."last_name" = $3 LIMIT $4[0m  [["uid", 439802952], ["first_name", "Alexander"], ["last_name", "L"], ["LIMIT", 1]]
D, [2019-10-15T18:29:25.554019 #28746] DEBUG -- :   [1m[36mUser Load (1.4ms)[0m  [1m[34mSELECT "users".* FROM "users" WHERE "users"."uid" = $1 AND "users"."first_name" = $2 AND "users"."last_name" = $3 LIMIT $4[0m  [["uid", 439802952], ["first_name", "Alexander"], ["last_name", "L"], ["LIMIT", 1]]
D, [2019-10-15T18:29:37.993861 #28746] DEBUG -- :   [1m[36mUser Load (1.4ms)[0m  [1m[34mSELECT "users".* FROM "users" WHERE "users"."uid" = $1 AND "users"."first_name" = $2 AND "users"."last_name" = $3 LIMIT $4[0m  [["uid", 439802952], ["first_name", "Alexander"], ["last_name", "L"], ["LIMIT", 1]]
D, [2019-10-15T18:32:43.297693 #28831] DEBUG -- :   [1m[36mUser Load (0.8ms)[0m  [1m[34mSELECT "users".* FROM "users" WHERE "users"."uid" = $1 AND "users"."first_name" = $2 AND "users"."last_name" = $3 LIMIT $4[0m  [["uid", 439802952], ["first_name", "Alexander"], ["last_name", "L"], ["LIMIT", 1]]
D, [2019-10-15T18:32:55.314658 #28831] DEBUG -- :   [1m[36mUser Load (1.3ms)[0m  [1m[34mSELECT "users".* FROM "users" WHERE "users"."uid" = $1 AND "users"."first_name" = $2 AND "users"."last_name" = $3 LIMIT $4[0m  [["uid", 439802952], ["first_name", "Alexander"], ["last_name", "L"], ["LIMIT", 1]]
D, [2019-10-15T18:48:06.842704 #29230] DEBUG -- :   [1m[36mUser Load (1.3ms)[0m  [1m[34mSELECT "users".* FROM "users" WHERE "users"."uid" = $1 AND "users"."first_name" = $2 AND "users"."last_name" = $3 LIMIT $4[0m  [["uid", 439802952], ["first_name", "Alexander"], ["last_name", "L"], ["LIMIT", 1]]
D, [2019-10-15T18:52:03.044657 #29346] DEBUG -- :   [1m[36mUser Load (1.2ms)[0m  [1m[34mSELECT "users".* FROM "users" WHERE "users"."uid" = $1 AND "users"."first_name" = $2 AND "users"."last_name" = $3 LIMIT $4[0m  [["uid", 439802952], ["first_name", "Alexander"], ["last_name", "L"], ["LIMIT", 1]]
D, [2019-10-15T18:52:58.105315 #29392] DEBUG -- :   [1m[36mUser Load (0.7ms)[0m  [1m[34mSELECT "users".* FROM "users" WHERE "users"."uid" = $1 AND "users"."first_name" = $2 AND "users"."last_name" = $3 LIMIT $4[0m  [["uid", 439802952], ["first_name", "Alexander"], ["last_name", "L"], ["LIMIT", 1]]
D, [2019-10-15T18:53:20.936884 #29417] DEBUG -- :   [1m[36mUser Load (0.6ms)[0m  [1m[34mSELECT "users".* FROM "users" WHERE "users"."uid" = $1 AND "users"."first_name" = $2 AND "users"."last_name" = $3 LIMIT $4[0m  [["uid", 439802952], ["first_name", "Alexander"], ["last_name", "L"], ["LIMIT", 1]]
D, [2019-10-15T18:53:32.757825 #29446] DEBUG -- :   [1m[36mUser Load (1.3ms)[0m  [1m[34mSELECT "users".* FROM "users" WHERE "users"."uid" = $1 AND "users"."first_name" = $2 AND "users"."last_name" = $3 LIMIT $4[0m  [["uid", 439802952], ["first_name", "Alexander"], ["last_name", "L"], ["LIMIT", 1]]
D, [2019-10-15T18:53:50.174447 #29465] DEBUG -- :   [1m[36mUser Load (1.2ms)[0m  [1m[34mSELECT "users".* FROM "users" WHERE "users"."uid" = $1 AND "users"."first_name" = $2 AND "users"."last_name" = $3 LIMIT $4[0m  [["uid", 439802952], ["first_name", "Alexander"], ["last_name", "L"], ["LIMIT", 1]]
D, [2019-10-15T18:56:24.030343 #29529] DEBUG -- :   [1m[36mUser Load (0.7ms)[0m  [1m[34mSELECT "users".* FROM "users" WHERE "users"."uid" = $1 AND "users"."first_name" = $2 AND "users"."last_name" = $3 LIMIT $4[0m  [["uid", 439802952], ["first_name", "Alexander"], ["last_name", "L"], ["LIMIT", 1]]
D, [2019-10-15T18:58:52.957464 #29607] DEBUG -- :   [1m[36mUser Load (0.9ms)[0m  [1m[34mSELECT "users".* FROM "users" WHERE "users"."uid" = $1 AND "users"."first_name" = $2 AND "users"."last_name" = $3 LIMIT $4[0m  [["uid", 439802952], ["first_name", "Alexander"], ["last_name", "L"], ["LIMIT", 1]]
D, [2019-10-15T19:00:09.869668 #29645] DEBUG -- :   [1m[36mUser Load (0.9ms)[0m  [1m[34mSELECT "users".* FROM "users" WHERE "users"."uid" = $1 AND "users"."first_name" = $2 AND "users"."last_name" = $3 LIMIT $4[0m  [["uid", 439802952], ["first_name", "Alexander"], ["last_name", "L"], ["LIMIT", 1]]
D, [2019-10-15T19:00:23.482929 #29663] DEBUG -- :   [1m[36mUser Load (0.9ms)[0m  [1m[34mSELECT "users".* FROM "users" WHERE "users"."uid" = $1 AND "users"."first_name" = $2 AND "users"."last_name" = $3 LIMIT $4[0m  [["uid", 439802952], ["first_name", "Alexander"], ["last_name", "L"], ["LIMIT", 1]]
D, [2019-10-15T19:00:37.302017 #29688] DEBUG -- :   [1m[36mUser Load (0.9ms)[0m  [1m[34mSELECT "users".* FROM "users" WHERE "users"."uid" = $1 AND "users"."first_name" = $2 AND "users"."last_name" = $3 LIMIT $4[0m  [["uid", 439802952], ["first_name", "Alexander"], ["last_name", "L"], ["LIMIT", 1]]
D, [2019-10-15T19:04:48.614835 #29959] DEBUG -- :   [1m[36mUser Load (1.3ms)[0m  [1m[34mSELECT "users".* FROM "users" WHERE "users"."uid" = $1 AND "users"."first_name" = $2 AND "users"."last_name" = $3 LIMIT $4[0m  [["uid", 439802952], ["first_name", "Alexander"], ["last_name", "L"], ["LIMIT", 1]]
D, [2019-10-15T19:05:09.522736 #29971] DEBUG -- :   [1m[36mUser Load (0.8ms)[0m  [1m[34mSELECT "users".* FROM "users" WHERE "users"."uid" = $1 AND "users"."first_name" = $2 AND "users"."last_name" = $3 LIMIT $4[0m  [["uid", 439802952], ["first_name", "Alexander"], ["last_name", "L"], ["LIMIT", 1]]
D, [2019-10-15T19:05:44.637638 #29985] DEBUG -- :   [1m[36mUser Load (1.2ms)[0m  [1m[34mSELECT "users".* FROM "users" WHERE "users"."uid" = $1 AND "users"."first_name" = $2 AND "users"."last_name" = $3 LIMIT $4[0m  [["uid", 439802952], ["first_name", "Alexander"], ["last_name", "L"], ["LIMIT", 1]]
D, [2019-10-15T19:09:30.275182 #30102] DEBUG -- :   [1m[36mUser Load (0.6ms)[0m  [1m[34mSELECT "users".* FROM "users" WHERE "users"."uid" = $1 AND "users"."first_name" = $2 AND "users"."last_name" = $3 LIMIT $4[0m  [["uid", 439802952], ["first_name", "Alexander"], ["last_name", "L"], ["LIMIT", 1]]
D, [2019-10-15T19:14:56.888947 #30305] DEBUG -- :   [1m[36mUser Load (1.2ms)[0m  [1m[34mSELECT "users".* FROM "users" WHERE "users"."uid" = $1 AND "users"."first_name" = $2 AND "users"."last_name" = $3 LIMIT $4[0m  [["uid", 439802952], ["first_name", "Alexander"], ["last_name", "L"], ["LIMIT", 1]]
D, [2019-10-15T19:16:15.997463 #30344] DEBUG -- :   [1m[36mUser Load (0.5ms)[0m  [1m[34mSELECT "users".* FROM "users" WHERE "users"."uid" = $1 AND "users"."first_name" = $2 AND "users"."last_name" = $3 LIMIT $4[0m  [["uid", 439802952], ["first_name", "Alexander"], ["last_name", "L"], ["LIMIT", 1]]
D, [2019-10-15T19:16:20.361822 #30344] DEBUG -- :   [1m[36mUser Load (0.7ms)[0m  [1m[34mSELECT "users".* FROM "users" WHERE "users"."uid" = $1 AND "users"."first_name" = $2 AND "users"."last_name" = $3 LIMIT $4[0m  [["uid", 439802952], ["first_name", "Alexander"], ["last_name", "L"], ["LIMIT", 1]]
D, [2019-10-15T19:16:28.350363 #30344] DEBUG -- :   [1m[36mUser Load (0.4ms)[0m  [1m[34mSELECT "users".* FROM "users" WHERE "users"."uid" = $1 AND "users"."first_name" = $2 AND "users"."last_name" = $3 LIMIT $4[0m  [["uid", 439802952], ["first_name", "Alexander"], ["last_name", "L"], ["LIMIT", 1]]
D, [2019-10-15T19:16:33.260134 #30344] DEBUG -- :   [1m[36mUser Load (1.3ms)[0m  [1m[34mSELECT "users".* FROM "users" WHERE "users"."uid" = $1 AND "users"."first_name" = $2 AND "users"."last_name" = $3 LIMIT $4[0m  [["uid", 439802952], ["first_name", "Alexander"], ["last_name", "L"], ["LIMIT", 1]]
D, [2019-10-15T19:19:07.447988 #30491] DEBUG -- :   [1m[36mUser Load (0.6ms)[0m  [1m[34mSELECT "users".* FROM "users" WHERE "users"."uid" = $1 AND "users"."first_name" = $2 AND "users"."last_name" = $3 LIMIT $4[0m  [["uid", 439802952], ["first_name", "Alexander"], ["last_name", "L"], ["LIMIT", 1]]
D, [2019-10-15T19:22:59.094789 #30580] DEBUG -- :   [1m[36mUser Load (0.6ms)[0m  [1m[34mSELECT "users".* FROM "users" WHERE "users"."uid" = $1 AND "users"."first_name" = $2 AND "users"."last_name" = $3 LIMIT $4[0m  [["uid", 439802952], ["first_name", "Alexander"], ["last_name", "L"], ["LIMIT", 1]]
D, [2019-10-15T19:23:25.850242 #30607] DEBUG -- :   [1m[36mUser Load (0.9ms)[0m  [1m[34mSELECT "users".* FROM "users" WHERE "users"."uid" = $1 AND "users"."first_name" = $2 AND "users"."last_name" = $3 LIMIT $4[0m  [["uid", 439802952], ["first_name", "Alexander"], ["last_name", "L"], ["LIMIT", 1]]
D, [2019-10-15T19:24:42.830033 #30644] DEBUG -- :   [1m[36mUser Load (0.5ms)[0m  [1m[34mSELECT "users".* FROM "users" WHERE "users"."uid" = $1 AND "users"."first_name" = $2 AND "users"."last_name" = $3 LIMIT $4[0m  [["uid", 439802952], ["first_name", "Alexander"], ["last_name", "L"], ["LIMIT", 1]]
D, [2019-10-15T19:25:15.628800 #30668] DEBUG -- :   [1m[36mUser Load (0.8ms)[0m  [1m[34mSELECT "users".* FROM "users" WHERE "users"."uid" = $1 AND "users"."first_name" = $2 AND "users"."last_name" = $3 LIMIT $4[0m  [["uid", 439802952], ["first_name", "Alexander"], ["last_name", "L"], ["LIMIT", 1]]
D, [2019-10-15T19:26:09.121021 #30691] DEBUG -- :   [1m[36mUser Load (0.5ms)[0m  [1m[34mSELECT "users".* FROM "users" WHERE "users"."uid" = $1 AND "users"."first_name" = $2 AND "users"."last_name" = $3 LIMIT $4[0m  [["uid", 439802952], ["first_name", "Alexander"], ["last_name", "L"], ["LIMIT", 1]]
D, [2019-10-15T19:29:29.165461 #30795] DEBUG -- :   [1m[36mUser Load (0.5ms)[0m  [1m[34mSELECT "users".* FROM "users" WHERE "users"."uid" = $1 AND "users"."first_name" = $2 AND "users"."last_name" = $3 LIMIT $4[0m  [["uid", 439802952], ["first_name", "Alexander"], ["last_name", "L"], ["LIMIT", 1]]
D, [2019-10-15T19:31:12.380313 #30869] DEBUG -- :   [1m[36mUser Load (0.6ms)[0m  [1m[34mSELECT "users".* FROM "users" WHERE "users"."uid" = $1 AND "users"."first_name" = $2 AND "users"."last_name" = $3 LIMIT $4[0m  [["uid", 439802952], ["first_name", "Alexander"], ["last_name", "L"], ["LIMIT", 1]]
D, [2019-10-15T19:32:14.520146 #30900] DEBUG -- :   [1m[36mUser Load (0.9ms)[0m  [1m[34mSELECT "users".* FROM "users" WHERE "users"."uid" = $1 AND "users"."first_name" = $2 AND "users"."last_name" = $3 LIMIT $4[0m  [["uid", 439802952], ["first_name", "Alexander"], ["last_name", "L"], ["LIMIT", 1]]
D, [2019-10-15T19:32:34.767401 #30938] DEBUG -- :   [1m[36mUser Load (0.5ms)[0m  [1m[34mSELECT "users".* FROM "users" WHERE "users"."uid" = $1 AND "users"."first_name" = $2 AND "users"."last_name" = $3 LIMIT $4[0m  [["uid", 439802952], ["first_name", "Alexander"], ["last_name", "L"], ["LIMIT", 1]]
D, [2019-10-15T19:32:57.911747 #30938] DEBUG -- :   [1m[36mUser Load (1.2ms)[0m  [1m[34mSELECT "users".* FROM "users" WHERE "users"."uid" = $1 AND "users"."first_name" = $2 AND "users"."last_name" = $3 LIMIT $4[0m  [["uid", 439802952], ["first_name", "Alexander"], ["last_name", "L"], ["LIMIT", 1]]
D, [2019-10-15T19:46:24.265065 #32191] DEBUG -- :   [1m[36mUser Load (0.5ms)[0m  [1m[34mSELECT "users".* FROM "users" WHERE "users"."uid" = $1 AND "users"."first_name" = $2 AND "users"."last_name" = $3 LIMIT $4[0m  [["uid", 439802952], ["first_name", "Alexander"], ["last_name", "L"], ["LIMIT", 1]]
D, [2019-10-15T19:47:43.080337 #32449] DEBUG -- :   [1m[36mUser Load (0.8ms)[0m  [1m[34mSELECT "users".* FROM "users" WHERE "users"."uid" = $1 AND "users"."first_name" = $2 AND "users"."last_name" = $3 LIMIT $4[0m  [["uid", 439802952], ["first_name", "Alexander"], ["last_name", "L"], ["LIMIT", 1]]
D, [2019-10-15T19:47:55.468004 #32449] DEBUG -- :   [1m[36mUser Load (1.1ms)[0m  [1m[34mSELECT "users".* FROM "users" WHERE "users"."uid" = $1 AND "users"."first_name" = $2 AND "users"."last_name" = $3 LIMIT $4[0m  [["uid", 439802952], ["first_name", "Alexander"], ["last_name", "L"], ["LIMIT", 1]]
D, [2019-10-15T20:10:07.992386 #4140] DEBUG -- :   [1m[36mUser Load (0.6ms)[0m  [1m[34mSELECT "users".* FROM "users" WHERE "users"."uid" = $1 AND "users"."first_name" = $2 AND "users"."last_name" = $3 LIMIT $4[0m  [["uid", 439802952], ["first_name", "Alexander"], ["last_name", "L"], ["LIMIT", 1]]
D, [2019-10-15T20:13:06.907045 #4617] DEBUG -- :   [1m[36mUser Load (0.6ms)[0m  [1m[34mSELECT "users".* FROM "users" WHERE "users"."uid" = $1 AND "users"."first_name" = $2 AND "users"."last_name" = $3 LIMIT $4[0m  [["uid", 439802952], ["first_name", "Alexander"], ["last_name", "L"], ["LIMIT", 1]]
D, [2019-10-15T20:13:52.157499 #4794] DEBUG -- :   [1m[36mUser Load (0.5ms)[0m  [1m[34mSELECT "users".* FROM "users" WHERE "users"."uid" = $1 AND "users"."first_name" = $2 AND "users"."last_name" = $3 LIMIT $4[0m  [["uid", 439802952], ["first_name", "Alexander"], ["last_name", "L"], ["LIMIT", 1]]
D, [2019-10-15T20:16:51.454406 #5476] DEBUG -- :   [1m[36mUser Load (0.5ms)[0m  [1m[34mSELECT "users".* FROM "users" WHERE "users"."uid" = $1 AND "users"."first_name" = $2 AND "users"."last_name" = $3 LIMIT $4[0m  [["uid", 439802952], ["first_name", "Alexander"], ["last_name", "L"], ["LIMIT", 1]]
D, [2019-10-15T20:17:11.160460 #5476] DEBUG -- :   [1m[36mUser Load (1.5ms)[0m  [1m[34mSELECT "users".* FROM "users" WHERE "users"."uid" = $1 AND "users"."first_name" = $2 AND "users"."last_name" = $3 LIMIT $4[0m  [["uid", 439802952], ["first_name", "Alexander"], ["last_name", "L"], ["LIMIT", 1]]
D, [2019-10-15T20:23:35.379708 #6467] DEBUG -- :   [1m[36mUser Load (0.8ms)[0m  [1m[34mSELECT "users".* FROM "users" WHERE "users"."uid" = $1 AND "users"."first_name" = $2 AND "users"."last_name" = $3 LIMIT $4[0m  [["uid", 439802952], ["first_name", "Alexander"], ["last_name", "L"], ["LIMIT", 1]]
D, [2019-10-15T20:25:01.482404 #6725] DEBUG -- :   [1m[36mUser Load (0.5ms)[0m  [1m[34mSELECT "users".* FROM "users" WHERE "users"."uid" = $1 AND "users"."first_name" = $2 AND "users"."last_name" = $3 LIMIT $4[0m  [["uid", 439802952], ["first_name", "Alexander"], ["last_name", "L"], ["LIMIT", 1]]
D, [2019-10-15T20:31:05.034674 #7606] DEBUG -- :   [1m[36mUser Load (0.5ms)[0m  [1m[34mSELECT "users".* FROM "users" WHERE "users"."uid" = $1 AND "users"."first_name" = $2 AND "users"."last_name" = $3 LIMIT $4[0m  [["uid", 439802952], ["first_name", "Alexander"], ["last_name", "L"], ["LIMIT", 1]]
D, [2019-10-15T20:31:21.673135 #7606] DEBUG -- :   [1m[36mUser Load (1.1ms)[0m  [1m[34mSELECT "users".* FROM "users" WHERE "users"."uid" = $1 AND "users"."first_name" = $2 AND "users"."last_name" = $3 LIMIT $4[0m  [["uid", 439802952], ["first_name", "Alexander"], ["last_name", "L"], ["LIMIT", 1]]
D, [2019-10-15T20:34:48.176567 #8174] DEBUG -- :   [1m[36mUser Load (0.5ms)[0m  [1m[34mSELECT "users".* FROM "users" WHERE "users"."uid" = $1 AND "users"."first_name" = $2 AND "users"."last_name" = $3 LIMIT $4[0m  [["uid", 439802952], ["first_name", "Alexander"], ["last_name", "L"], ["LIMIT", 1]]
D, [2019-10-15T20:35:15.337784 #8174] DEBUG -- :   [1m[36mUser Load (0.5ms)[0m  [1m[34mSELECT "users".* FROM "users" WHERE "users"."uid" = $1 AND "users"."first_name" = $2 AND "users"."last_name" = $3 LIMIT $4[0m  [["uid", 439802952], ["first_name", "Alexander"], ["last_name", "L"], ["LIMIT", 1]]
D, [2019-10-15T20:35:26.916096 #8174] DEBUG -- :   [1m[36mUser Load (1.3ms)[0m  [1m[34mSELECT "users".* FROM "users" WHERE "users"."uid" = $1 AND "users"."first_name" = $2 AND "users"."last_name" = $3 LIMIT $4[0m  [["uid", 439802952], ["first_name", "Alexander"], ["last_name", "L"], ["LIMIT", 1]]
D, [2019-10-15T20:42:34.384221 #9280] DEBUG -- :   [1m[36mUser Load (0.6ms)[0m  [1m[34mSELECT "users".* FROM "users" WHERE "users"."uid" = $1 AND "users"."first_name" = $2 AND "users"."last_name" = $3 LIMIT $4[0m  [["uid", 439802952], ["first_name", "Alexander"], ["last_name", "L"], ["LIMIT", 1]]
D, [2019-10-15T20:43:03.749885 #9280] DEBUG -- :   [1m[36mUser Load (1.5ms)[0m  [1m[34mSELECT "users".* FROM "users" WHERE "users"."uid" = $1 AND "users"."first_name" = $2 AND "users"."last_name" = $3 LIMIT $4[0m  [["uid", 439802952], ["first_name", "Alexander"], ["last_name", "L"], ["LIMIT", 1]]
D, [2019-10-15T20:43:14.464672 #9280] DEBUG -- :   [1m[36mUser Load (1.3ms)[0m  [1m[34mSELECT "users".* FROM "users" WHERE "users"."uid" = $1 AND "users"."first_name" = $2 AND "users"."last_name" = $3 LIMIT $4[0m  [["uid", 439802952], ["first_name", "Alexander"], ["last_name", "L"], ["LIMIT", 1]]
D, [2019-10-15T20:43:43.466097 #9280] DEBUG -- :   [1m[36mUser Load (1.4ms)[0m  [1m[34mSELECT "users".* FROM "users" WHERE "users"."uid" = $1 AND "users"."first_name" = $2 AND "users"."last_name" = $3 LIMIT $4[0m  [["uid", 439802952], ["first_name", "Alexander"], ["last_name", "L"], ["LIMIT", 1]]
D, [2019-10-15T20:43:48.586312 #9280] DEBUG -- :   [1m[36mUser Load (1.4ms)[0m  [1m[34mSELECT "users".* FROM "users" WHERE "users"."uid" = $1 AND "users"."first_name" = $2 AND "users"."last_name" = $3 LIMIT $4[0m  [["uid", 439802952], ["first_name", "Alexander"], ["last_name", "L"], ["LIMIT", 1]]
D, [2019-10-15T20:58:16.123280 #11928] DEBUG -- :   [1m[36mUser Load (0.4ms)[0m  [1m[34mSELECT "users".* FROM "users" WHERE "users"."uid" = $1 AND "users"."first_name" = $2 AND "users"."last_name" = $3 LIMIT $4[0m  [["uid", 439802952], ["first_name", "Alexander"], ["last_name", "L"], ["LIMIT", 1]]
D, [2019-10-15T20:58:30.338716 #11928] DEBUG -- :   [1m[36mUser Load (0.5ms)[0m  [1m[34mSELECT "users".* FROM "users" WHERE "users"."uid" = $1 AND "users"."first_name" = $2 AND "users"."last_name" = $3 LIMIT $4[0m  [["uid", 439802952], ["first_name", "Alexander"], ["last_name", "L"], ["LIMIT", 1]]
D, [2019-10-15T20:58:33.105796 #11928] DEBUG -- :   [1m[36mUser Load (0.9ms)[0m  [1m[34mSELECT "users".* FROM "users" WHERE "users"."uid" = $1 AND "users"."first_name" = $2 AND "users"."last_name" = $3 LIMIT $4[0m  [["uid", 439802952], ["first_name", "Alexander"], ["last_name", "L"], ["LIMIT", 1]]
D, [2019-10-15T21:02:28.301779 #12612] DEBUG -- :   [1m[36mUser Load (0.6ms)[0m  [1m[34mSELECT "users".* FROM "users" WHERE "users"."uid" = $1 AND "users"."first_name" = $2 AND "users"."last_name" = $3 LIMIT $4[0m  [["uid", 439802952], ["first_name", "Alexander"], ["last_name", "L"], ["LIMIT", 1]]
D, [2019-10-15T21:02:49.586346 #12612] DEBUG -- :   [1m[36mUser Load (1.4ms)[0m  [1m[34mSELECT "users".* FROM "users" WHERE "users"."uid" = $1 AND "users"."first_name" = $2 AND "users"."last_name" = $3 LIMIT $4[0m  [["uid", 439802952], ["first_name", "Alexander"], ["last_name", "L"], ["LIMIT", 1]]
D, [2019-10-15T21:04:21.734934 #12925] DEBUG -- :   [1m[36mUser Load (0.5ms)[0m  [1m[34mSELECT "users".* FROM "users" WHERE "users"."uid" = $1 AND "users"."first_name" = $2 AND "users"."last_name" = $3 LIMIT $4[0m  [["uid", 439802952], ["first_name", "Alexander"], ["last_name", "L"], ["LIMIT", 1]]
D, [2019-10-15T21:05:50.686444 #13174] DEBUG -- :   [1m[36mUser Load (0.4ms)[0m  [1m[34mSELECT "users".* FROM "users" WHERE "users"."uid" = $1 AND "users"."first_name" = $2 AND "users"."last_name" = $3 LIMIT $4[0m  [["uid", 439802952], ["first_name", "Alexander"], ["last_name", "L"], ["LIMIT", 1]]
D, [2019-10-15T21:05:56.699244 #13174] DEBUG -- :   [1m[36mUser Load (1.5ms)[0m  [1m[34mSELECT "users".* FROM "users" WHERE "users"."uid" = $1 AND "users"."first_name" = $2 AND "users"."last_name" = $3 LIMIT $4[0m  [["uid", 439802952], ["first_name", "Alexander"], ["last_name", "L"], ["LIMIT", 1]]
D, [2019-10-15T21:06:10.073687 #13174] DEBUG -- :   [1m[36mUser Load (0.6ms)[0m  [1m[34mSELECT "users".* FROM "users" WHERE "users"."uid" = $1 AND "users"."first_name" = $2 AND "users"."last_name" = $3 LIMIT $4[0m  [["uid", 439802952], ["first_name", "Alexander"], ["last_name", "L"], ["LIMIT", 1]]
D, [2019-10-15T21:09:35.056327 #13669] DEBUG -- :   [1m[36mUser Load (0.5ms)[0m  [1m[34mSELECT "users".* FROM "users" WHERE "users"."uid" = $1 AND "users"."first_name" = $2 AND "users"."last_name" = $3 LIMIT $4[0m  [["uid", 439802952], ["first_name", "Alexander"], ["last_name", "L"], ["LIMIT", 1]]
D, [2019-10-15T21:09:53.353260 #13669] DEBUG -- :   [1m[36mUser Load (1.5ms)[0m  [1m[34mSELECT "users".* FROM "users" WHERE "users"."uid" = $1 AND "users"."first_name" = $2 AND "users"."last_name" = $3 LIMIT $4[0m  [["uid", 439802952], ["first_name", "Alexander"], ["last_name", "L"], ["LIMIT", 1]]
D, [2019-10-15T21:10:05.706477 #13669] DEBUG -- :   [1m[36mUser Load (1.8ms)[0m  [1m[34mSELECT "users".* FROM "users" WHERE "users"."uid" = $1 AND "users"."first_name" = $2 AND "users"."last_name" = $3 LIMIT $4[0m  [["uid", 439802952], ["first_name", "Alexander"], ["last_name", "L"], ["LIMIT", 1]]
